\BOOKMARK [1][-]{Doc-Start}{\376\377\000A\000B\000S\000T\000R\000A\000K}{}% 1
\BOOKMARK [1][-]{Doc-Start}{\376\377\000D\000A\000F\000T\000A\000R\000\040\000I\000S\000I}{}% 2
\BOOKMARK [1][-]{Doc-Start}{\376\377\000D\000A\000F\000T\000A\000R\000\040\000G\000A\000M\000B\000A\000R}{}% 3
\BOOKMARK [1][-]{Doc-Start}{\376\377\000D\000A\000F\000T\000A\000R\000\040\000T\000A\000B\000E\000L}{}% 4
\BOOKMARK [1][-]{Doc-Start}{\376\377\000B\000A\000B\000\040\000I\000\040\000P\000E\000N\000D\000A\000H\000U\000L\000U\000A\000N}{}% 5
\BOOKMARK [2][-]{subsection.1.1}{\376\377\000L\000a\000t\000a\000r\000\040\000B\000e\000l\000a\000k\000a\000n\000g\000\040\000M\000a\000s\000a\000l\000a\000h}{Doc-Start}% 6
\BOOKMARK [2][-]{subsection.1.2}{\376\377\000R\000u\000m\000u\000s\000a\000n\000\040\000M\000a\000s\000a\000l\000a\000h}{Doc-Start}% 7
\BOOKMARK [2][-]{subsection.1.3}{\376\377\000T\000u\000j\000u\000a\000n\000\040\000d\000a\000n\000\040\000M\000a\000n\000f\000a\000a\000t}{Doc-Start}% 8
\BOOKMARK [2][-]{subsection.1.4}{\376\377\000B\000a\000t\000a\000s\000a\000n\000\040\000M\000a\000s\000a\000l\000a\000h}{Doc-Start}% 9
\BOOKMARK [2][-]{subsection.1.5}{\376\377\000M\000e\000t\000o\000d\000e\000\040\000P\000e\000n\000e\000l\000i\000t\000i\000a\000n}{Doc-Start}% 10
\BOOKMARK [2][-]{subsection.1.6}{\376\377\000J\000a\000d\000w\000a\000l\000\040\000P\000e\000l\000a\000k\000s\000a\000n\000a\000a\000n}{Doc-Start}% 11
\BOOKMARK [1][-]{table.caption.1}{\376\377\000B\000A\000B\000\040\000I\000I\000\040\000T\000I\000N\000J\000A\000U\000A\000N\000\040\000P\000U\000S\000T\000A\000K\000A}{}% 12
\BOOKMARK [2][-]{subsection.2.1}{\376\377\000P\000e\000n\000g\000g\000u\000n\000a\000a\000n\000\040\000B\000a\000h\000a\000s\000a\000\040\000I\000n\000d\000o\000n\000e\000s\000i\000a\000\040\000y\000a\000n\000g\000\040\000B\000a\000i\000k\000\040\000d\000a\000n\000\040\000B\000e\000n\000a\000r}{table.caption.1}% 13
\BOOKMARK [2][-]{subsection.2.2}{\376\377\000F\000o\000r\000m\000a\000t\000\040\000P\000e\000n\000u\000l\000i\000s\000a\000n\000\040\000T\000u\000g\000a\000s\000\040\000A\000k\000h\000i\000r}{table.caption.1}% 14
\BOOKMARK [3][-]{subsubsection.2.2.1}{\376\377\000K\000e\000r\000t\000a\000s}{subsection.2.2}% 15
\BOOKMARK [3][-]{subsubsection.2.2.2}{\376\377\000P\000e\000n\000g\000e\000t\000i\000k\000a\000n}{subsection.2.2}% 16
\BOOKMARK [3][-]{subsubsection.2.2.3}{\376\377\000P\000e\000n\000o\000m\000o\000r\000a\000n\000\040\000H\000a\000l\000a\000m\000a\000n}{subsection.2.2}% 17
\BOOKMARK [3][-]{subsubsection.2.2.4}{\376\377\000K\000e\000t\000e\000n\000t\000u\000a\000n\000\040\000H\000a\000l\000a\000m\000a\000n\000\040\000S\000a\000m\000p\000u\000l}{subsection.2.2}% 18
\BOOKMARK [2][-]{subsection.2.3}{\376\377\000K\000e\000t\000e\000n\000t\000u\000a\000n\000\040\000P\000e\000n\000g\000g\000u\000n\000a\000a\000n\000\040\000G\000a\000m\000b\000a\000r\000,\000\040\000T\000a\000b\000e\000l\000\040\000d\000a\000n\000\040\000P\000e\000r\000s\000a\000m\000a\000a\000n}{table.caption.1}% 19
\BOOKMARK [3][-]{subsubsection.2.3.1}{\376\377\000P\000e\000n\000y\000i\000s\000i\000p\000a\000n\000\040\000G\000a\000m\000b\000a\000r}{subsection.2.3}% 20
\BOOKMARK [3][-]{subsubsection.2.3.2}{\376\377\000P\000e\000n\000y\000i\000s\000i\000p\000a\000n\000\040\000T\000a\000b\000e\000l}{subsection.2.3}% 21
\BOOKMARK [3][-]{subsubsection.2.3.3}{\376\377\000P\000e\000n\000u\000l\000i\000s\000a\000n\000\040\000R\000u\000m\000u\000s\000\040\000a\000t\000a\000u\000\040\000P\000e\000r\000s\000a\000m\000a\000a\000n}{subsection.2.3}% 22
\BOOKMARK [2][-]{subsection.2.4}{\376\377\000P\000e\000n\000u\000l\000i\000s\000a\000n\000\040\000K\000u\000t\000i\000p\000a\000n\000\040\000f\000o\000r\000m\000a\000t\000\040\000I\000E\000E\000E\000.}{table.caption.1}% 23
\BOOKMARK [3][-]{subsubsection.2.4.1}{\376\377\000K\000u\000t\000i\000p\000a\000n\000\040\000L\000a\000n\000g\000s\000u\000n\000g}{subsection.2.4}% 24
\BOOKMARK [3][-]{subsubsection.2.4.2}{\376\377\000K\000u\000t\000i\000p\000a\000n\000\040\000T\000i\000d\000a\000k\000\040\000L\000a\000n\000g\000s\000u\000n\000g}{subsection.2.4}% 25
\BOOKMARK [2][-]{subsection.2.5}{\376\377\000P\000e\000n\000g\000g\000u\000n\000a\000a\000n\000\040\000R\000e\000f\000e\000r\000e\000n\000s\000i}{table.caption.1}% 26
\BOOKMARK [1][-]{subsection.2.5}{\376\377\000B\000A\000B\000\040\000I\000I\000I\000\040\000P\000E\000R\000A\000N\000C\000A\000N\000G\000A\000N\000\040\000S\000I\000S\000T\000E\000M}{}% 27
\BOOKMARK [2][-]{subsection.3.1}{\376\377\000D\000e\000s\000a\000i\000n\000\040\000S\000i\000s\000t\000e\000m}{subsection.2.5}% 28
\BOOKMARK [3][-]{subsubsection.3.1.1}{\376\377\000D\000i\000a\000g\000r\000a\000m\000\040\000B\000l\000o\000k}{subsection.3.1}% 29
\BOOKMARK [3][-]{subsubsection.3.1.2}{\376\377\000F\000u\000n\000g\000s\000i\000\040\000d\000a\000n\000\040\000F\000i\000t\000u\000r}{subsection.3.1}% 30
\BOOKMARK [2][-]{subsection.3.2}{\376\377\000D\000e\000s\000a\000i\000n\000\040\000P\000e\000r\000a\000n\000g\000k\000a\000t\000\040\000K\000e\000r\000a\000s}{subsection.2.5}% 31
\BOOKMARK [3][-]{subsubsection.3.2.1}{\376\377\000S\000p\000e\000s\000i\000f\000i\000k\000a\000s\000i\000\040\000K\000o\000m\000p\000o\000n\000e\000n}{subsection.3.2}% 32
\BOOKMARK [2][-]{subsection.3.3}{\376\377\000D\000e\000s\000a\000i\000n\000\040\000P\000e\000r\000a\000n\000g\000k\000a\000t\000\040\000L\000u\000n\000a\000k}{subsection.2.5}% 33
\BOOKMARK [3][-]{subsubsection.3.3.1}{\376\377\000S\000p\000e\000s\000i\000f\000i\000k\000a\000s\000i\000\040\000S\000u\000b\000\040\000S\000i\000s\000t\000e\000m}{subsection.3.3}% 34
\BOOKMARK [1][-]{subsubsection.3.3.1}{\376\377\000B\000A\000B\000\040\000I\000V\000\040\000H\000A\000S\000I\000L\000\040\000D\000A\000N\000\040\000A\000N\000A\000L\000I\000S\000I\000S}{}% 35
\BOOKMARK [2][-]{subsection.4.1}{\376\377\000H\000a\000s\000i\000l\000\040\000P\000e\000r\000c\000o\000b\000a\000a\000n}{subsubsection.3.3.1}% 36
\BOOKMARK [3][-]{subsubsection.4.1.1}{\376\377\000P\000e\000n\000g\000u\000j\000i\000a\000n\000\040\000P\000a\000r\000a\000m\000e\000t\000e\000r\000\040\000A}{subsection.4.1}% 37
\BOOKMARK [3][-]{subsubsection.4.1.2}{\376\377\000P\000e\000n\000g\000u\000j\000i\000a\000n\000\040\000P\000a\000r\000a\000m\000e\000t\000e\000r\000\040\000B}{subsection.4.1}% 38
\BOOKMARK [2][-]{subsection.4.2}{\376\377\000A\000n\000a\000l\000i\000s\000i\000s}{subsubsection.3.3.1}% 39
\BOOKMARK [3][-]{subsubsection.4.2.1}{\376\377\000A\000n\000a\000l\000i\000s\000i\000s\000\040\000H\000u\000b\000u\000n\000g\000a\000n\000\040\000P\000a\000r\000a\000m\000e\000t\000e\000r\000\040\000A\000\040\000t\000e\000r\000h\000a\000d\000a\000p\000\040\000T\000u\000j\000u\000a\000n\000\040\000A}{subsection.4.2}% 40
\BOOKMARK [3][-]{subsubsection.4.2.2}{\376\377\000A\000n\000a\000l\000i\000s\000i\000s\000\040\000H\000u\000b\000u\000n\000g\000a\000n\000\040\000P\000a\000r\000a\000m\000e\000t\000e\000r\000\040\000B\000\040\000t\000e\000r\000h\000a\000d\000a\000p\000\040\000T\000u\000j\000u\000a\000n\000\040\000A}{subsection.4.2}% 41
\BOOKMARK [3][-]{subsubsection.4.2.3}{\376\377\000A\000n\000a\000l\000i\000s\000i\000s\000\040\000H\000u\000b\000u\000n\000g\000a\000n\000\040\000P\000a\000r\000a\000m\000e\000t\000e\000r\000\040\000A\000\040\000t\000e\000r\000h\000a\000d\000a\000p\000\040\000T\000u\000j\000u\000a\000n\000\040\000B}{subsection.4.2}% 42
\BOOKMARK [3][-]{subsubsection.4.2.4}{\376\377\000A\000n\000a\000l\000i\000s\000i\000s\000\040\000H\000u\000b\000u\000n\000g\000a\000n\000\040\000P\000a\000r\000a\000m\000e\000t\000e\000r\000\040\000B\000\040\000t\000e\000r\000h\000a\000d\000a\000p\000\040\000T\000u\000j\000u\000a\000n\000\040\000B}{subsection.4.2}% 43
\BOOKMARK [1][-]{subsubsection.4.2.4}{\376\377\000B\000A\000B\000\040\000V\000\040\000S\000I\000M\000P\000U\000L\000A\000N\000\040\000D\000A\000N\000\040\000S\000A\000R\000A\000N}{}% 44
\BOOKMARK [2][-]{subsection.5.1}{\376\377\000S\000i\000m\000p\000u\000l\000a\000n}{subsubsection.4.2.4}% 45
\BOOKMARK [2][-]{subsection.5.2}{\376\377\000S\000a\000r\000a\000n}{subsubsection.4.2.4}% 46
\BOOKMARK [1][-]{Item.31}{\376\377\000L\000A\000M\000P\000I\000R\000A\000N}{}% 47
